<?xml version="1.0" encoding="UTF-8"?>
<!-- Generated by org.testng.reporters.JUnitXMLReporter -->
<testsuite hostname="BDC4-L-3CP1NF2" ignored="0" name="Test" tests="4" failures="2" timestamp="2020-01-27T13:31:48 IST" time="65.668" errors="0">
  <testcase name="validateLoginError" time="2.512" classname="com.Web.TC_LoginPageTests">
    <failure type="java.lang.AssertionError" message="expected [true] but found [false]">
      <![CDATA[java.lang.AssertionError: expected [true] but found [false]
at com.Web.TC_LoginPageTests.validateLoginError(TC_LoginPageTests.java:28)
at java.util.ArrayList.forEach(ArrayList.java:1257)
... Removed 32 stack frames]]>
    </failure>
  </testcase> <!-- validateLoginError -->
  <testcase name="validateLoginFeature" time="0.0" classname="com.Web.TC_LoginPageTests">
    <skipped/>
  </testcase> <!-- validateLoginFeature -->
  <testcase name="validateLogOut" time="0.0" classname="com.Web.TC_LoginPageTests">
    <skipped/>
  </testcase> <!-- validateLogOut -->
  <testcase name="userSignUp" time="26.691" classname="com.Web.TC_SignUpTests">
    <failure type="org.openqa.selenium.InvalidSelectorException" message="invalid selector: Unable to locate an element with the xpath expression (//div[@class=&amp;apos;btn-group bootstrap-select form-control validate-excluded-field&amp;apos; and @aria-labelledby=&amp;apos;ddBoxRegistrationStateProvince-label&amp;apos;] because of the following error:
SyntaxError: Failed to execute &amp;apos;evaluate&amp;apos; on &amp;apos;Document&amp;apos;: The string &amp;apos;(//div[@class=&amp;apos;btn-group bootstrap-select form-control validate-excluded-field&amp;apos; and @aria-labelledby=&amp;apos;ddBoxRegistrationStateProvince-label&amp;apos;]&amp;apos; is not a valid XPath expression.
  (Session info: chrome=79.0.3945.130)
For documentation on this error, please visit: https://www.seleniumhq.org/exceptions/invalid_selector_exception.html
Build info: version: &amp;apos;3.141.59&amp;apos;, revision: &amp;apos;e82be7d358&amp;apos;, time: &amp;apos;2018-11-14T08:17:03&amp;apos;
System info: host: &amp;apos;BDC4-L-3CP1NF2&amp;apos;, ip: &amp;apos;10.187.136.160&amp;apos;, os.name: &amp;apos;Windows 10&amp;apos;, os.arch: &amp;apos;amd64&amp;apos;, os.version: &amp;apos;10.0&amp;apos;, java.version: &amp;apos;1.8.0_231&amp;apos;
Driver info: org.openqa.selenium.chrome.ChromeDriver
Capabilities {acceptInsecureCerts: false, browserName: chrome, browserVersion: 79.0.3945.130, chrome: {chromedriverVersion: 79.0.3945.36 (3582db32b3389..., userDataDir: C:\Users\RAJESH~1.PAZ\AppDa...}, goog:chromeOptions: {debuggerAddress: localhost:54422}, javascriptEnabled: true, networkConnectionEnabled: false, pageLoadStrategy: normal, platform: WINDOWS, platformName: WINDOWS, proxy: Proxy(), setWindowRect: true, strictFileInteractability: false, timeouts: {implicit: 0, pageLoad: 300000, script: 30000}, unhandledPromptBehavior: dismiss and notify}
Session ID: ea883fca2177e51e0afee0b917f3f6a2
*** Element info: {Using=xpath, value=(//div[@class=&amp;apos;btn-group bootstrap-select form-control validate-excluded-field&amp;apos; and @aria-labelledby=&amp;apos;ddBoxRegistrationStateProvince-label&amp;apos;]}">
      <![CDATA[org.openqa.selenium.InvalidSelectorException: invalid selector: Unable to locate an element with the xpath expression (//div[@class='btn-group bootstrap-select form-control validate-excluded-field' and @aria-labelledby='ddBoxRegistrationStateProvince-label'] because of the following error:
SyntaxError: Failed to execute 'evaluate' on 'Document': The string '(//div[@class='btn-group bootstrap-select form-control validate-excluded-field' and @aria-labelledby='ddBoxRegistrationStateProvince-label']' is not a valid XPath expression.
  (Session info: chrome=79.0.3945.130)
For documentation on this error, please visit: https://www.seleniumhq.org/exceptions/invalid_selector_exception.html
Build info: version: '3.141.59', revision: 'e82be7d358', time: '2018-11-14T08:17:03'
System info: host: 'BDC4-L-3CP1NF2', ip: '10.187.136.160', os.name: 'Windows 10', os.arch: 'amd64', os.version: '10.0', java.version: '1.8.0_231'
Driver info: org.openqa.selenium.chrome.ChromeDriver
Capabilities {acceptInsecureCerts: false, browserName: chrome, browserVersion: 79.0.3945.130, chrome: {chromedriverVersion: 79.0.3945.36 (3582db32b3389..., userDataDir: C:\Users\RAJESH~1.PAZ\AppDa...}, goog:chromeOptions: {debuggerAddress: localhost:54422}, javascriptEnabled: true, networkConnectionEnabled: false, pageLoadStrategy: normal, platform: WINDOWS, platformName: WINDOWS, proxy: Proxy(), setWindowRect: true, strictFileInteractability: false, timeouts: {implicit: 0, pageLoad: 300000, script: 30000}, unhandledPromptBehavior: dismiss and notify}
Session ID: ea883fca2177e51e0afee0b917f3f6a2
*** Element info: {Using=xpath, value=(//div[@class='btn-group bootstrap-select form-control validate-excluded-field' and @aria-labelledby='ddBoxRegistrationStateProvince-label']}
at org.openqa.selenium.remote.http.W3CHttpResponseCodec.createException(W3CHttpResponseCodec.java:187)
at org.openqa.selenium.remote.http.W3CHttpResponseCodec.decode(W3CHttpResponseCodec.java:122)
at org.openqa.selenium.remote.http.W3CHttpResponseCodec.decode(W3CHttpResponseCodec.java:49)
at org.openqa.selenium.remote.HttpCommandExecutor.execute(HttpCommandExecutor.java:158)
at org.openqa.selenium.remote.service.DriverCommandExecutor.execute(DriverCommandExecutor.java:83)
at org.openqa.selenium.remote.RemoteWebDriver.execute(RemoteWebDriver.java:552)
at org.openqa.selenium.remote.RemoteWebDriver.findElement(RemoteWebDriver.java:323)
at org.openqa.selenium.remote.RemoteWebDriver.findElementByXPath(RemoteWebDriver.java:428)
at org.openqa.selenium.By$ByXPath.findElement(By.java:353)
at org.openqa.selenium.remote.RemoteWebDriver.findElement(RemoteWebDriver.java:315)
at org.openqa.selenium.support.pagefactory.DefaultElementLocator.findElement(DefaultElementLocator.java:69)
at org.openqa.selenium.support.pagefactory.internal.LocatingElementHandler.invoke(LocatingElementHandler.java:38)
at com.sun.proxy.$Proxy9.isEnabled(Unknown Source)
at com.Web.TC_SignUpTests.userSignUp(TC_SignUpTests.java:37)
at java.util.ArrayList.forEach(ArrayList.java:1257)
... Removed 31 stack frames]]>
    </failure>
  </testcase> <!-- userSignUp -->
</testsuite> <!-- Test -->
